2020-03-03T08:05:17+00:00 INFO Array
(
    [Webhook Delivery] => Array
        (
            [Delivery ID] => 9fd21c2e29fb983dee4470115a824732
            [Date] => 3 de Março de 2020 @ 08:05
            [URL] => https://www.shopmaster.com/orders/woocommerceWebhook.json
            [Duration] => 1.96915
            [Request] => Array
                (
                    [Method] => POST
                    [Headers] => Array
                        (
                            [User-Agent] => WooCommerce/3.6.5 Hookshot (WordPress/5.2.5)
                            [Content-Type] => application/json
                            [X-WC-Webhook-Source] => https://www.ideiasbrilhantes.info/
                            [X-WC-Webhook-Topic] => order.updated
                            [X-WC-Webhook-Resource] => order
                            [X-WC-Webhook-Event] => updated
                            [X-WC-Webhook-Signature] => aDu8Jn4/GqRa+VZqNTykyjIgynC33SqshyiBDaXEeI4=
                            [X-WC-Webhook-ID] => 4
                            [X-WC-Webhook-Delivery-ID] => 9fd21c2e29fb983dee4470115a824732
                        )

                )

            [Body] => Webhook body is not logged unless WP_DEBUG mode is turned on. This is to avoid the storing of personal data in the logs.
            [Response] => Array
                (
                    [Code] => 200
                    [Message] => OK
                    [Headers] => Requests_Utility_CaseInsensitiveDictionary Object
                        (
                            [data:protected] => Array
                                (
                                    [server] => nginx
                                    [date] => Tue, 03 Mar 2020 08:05:17 GMT
                                    [content-length] => 2
                                    [set-cookie] => SHAREJSESSIONID=f16f1066-b65d-42a4-ba5f-41ab88e5e8de; Path=/; HttpOnly
                                    [x-frame-options] => SAMEORIGIN
                                )

                        )

                    [Body] => Webhook body is not logged unless WP_DEBUG mode is turned on. This is to avoid the storing of personal data in the logs.
                )

        )

)

